# JRE version: OpenJDK Runtime Environment (17.0.11) (build 17.0.11+0--11852314)
# Java VM: OpenJDK 64-Bit Server VM (17.0.11+0--11852314, mixed mode, tiered, compressed oops, compressed class ptrs, g1 gc, windows-amd64)
GC Precious Log:
 CPUs: 4 total, 4 available
 Memory: 7991M
 Large Page Support: Disabled
 NUMA Support: Disabled
 Compressed Oops: Enabled (32-bit)
 Heap Region Size: 1M
 Heap Min Capacity: 8M
 Heap Initial Capacity: 126M
 Heap Max Capacity: 2G
 Pre-touch: Disabled
 Parallel Workers: 4
 Concurrent Workers: 1
 Concurrent Refinement Workers: 4
 Periodic GC: Disabled
Heap:
 garbage-first heap   total 398336K, used 263595K [0x0000000080000000, 0x0000000100000000)
  region size 1024K, 6 young (6144K), 6 survivors (6144K)
 Metaspace       used 208157K, committed 209408K, reserved 1245184K
  class space    used 27103K, committed 27712K, reserved 1048576K
GC Heap History (20 events):
Event: 297.645 GC heap after
{Heap after GC invocations=78 (full 0):
 garbage-first heap   total 307200K, used 250146K [0x0000000080000000, 0x0000000100000000)
  region size 1024K, 4 young (4096K), 4 survivors (4096K)
 Metaspace       used 195112K, committed 196352K, reserved 1245184K
  class space    used 25297K, committed 25920K, reserved 1048576K
}
Event: 297.891 GC heap before
{Heap before GC invocations=78 (full 0):
 garbage-first heap   total 307200K, used 267554K [0x0000000080000000, 0x0000000100000000)
  region size 1024K, 22 young (22528K), 4 survivors (4096K)
 Metaspace       used 195963K, committed 197184K, reserved 1245184K
  class space    used 25411K, committed 25984K, reserved 1048576K
}
Event: 297.908 GC heap after
{Heap after GC invocations=79 (full 0):
 garbage-first heap   total 307200K, used 252798K [0x0000000080000000, 0x0000000100000000)
  region size 1024K, 3 young (3072K), 3 survivors (3072K)
 Metaspace       used 195963K, committed 197184K, reserved 1245184K
  class space    used 25411K, committed 25984K, reserved 1048576K
}
Event: 298.086 GC heap before
{Heap before GC invocations=79 (full 0):
 garbage-first heap   total 307200K, used 268158K [0x0000000080000000, 0x0000000100000000)
  region size 1024K, 19 young (19456K), 3 survivors (3072K)
 Metaspace       used 197412K, committed 198656K, reserved 1245184K
  class space    used 25631K, committed 26240K, reserved 1048576K
}
Event: 298.102 GC heap after
{Heap after GC invocations=80 (full 0):
 garbage-first heap   total 398336K, used 253747K [0x0000000080000000, 0x0000000100000000)
  region size 1024K, 1 young (1024K), 1 survivors (1024K)
 Metaspace       used 197412K, committed 198656K, reserved 1245184K
  class space    used 25631K, committed 26240K, reserved 1048576K
}
Event: 299.710 GC heap before
{Heap before GC invocations=80 (full 0):
 garbage-first heap   total 398336K, used 332595K [0x0000000080000000, 0x0000000100000000)
  region size 1024K, 79 young (80896K), 1 survivors (1024K)
 Metaspace       used 199899K, committed 201088K, reserved 1245184K
  class space    used 25988K, committed 26560K, reserved 1048576K
}
Event: 299.752 GC heap after
{Heap after GC invocations=81 (full 0):
 garbage-first heap   total 398336K, used 257927K [0x0000000080000000, 0x0000000100000000)
  region size 1024K, 5 young (5120K), 5 survivors (5120K)
 Metaspace       used 199899K, committed 201088K, reserved 1245184K
  class space    used 25988K, committed 26560K, reserved 1048576K
}
Event: 302.815 GC heap before
{Heap before GC invocations=81 (full 0):
 garbage-first heap   total 398336K, used 335751K [0x0000000080000000, 0x0000000100000000)
  region size 1024K, 82 young (83968K), 5 survivors (5120K)
 Metaspace       used 204900K, committed 206144K, reserved 1245184K
  class space    used 26723K, committed 27328K, reserved 1048576K
}
Event: 302.841 GC heap after
{Heap after GC invocations=82 (full 0):
 garbage-first heap   total 398336K, used 262335K [0x0000000080000000, 0x0000000100000000)
  region size 1024K, 10 young (10240K), 10 survivors (10240K)
 Metaspace       used 204900K, committed 206144K, reserved 1245184K
  class space    used 26723K, committed 27328K, reserved 1048576K
}
Event: 304.839 GC heap before
{Heap before GC invocations=82 (full 0):
 garbage-first heap   total 398336K, used 338111K [0x0000000080000000, 0x0000000100000000)
  region size 1024K, 84 young (86016K), 10 survivors (10240K)
 Metaspace       used 206328K, committed 207552K, reserved 1245184K
  class space    used 26917K, committed 27520K, reserved 1048576K
}
Event: 304.902 GC heap after
{Heap after GC invocations=83 (full 0):
 garbage-first heap   total 398336K, used 262849K [0x0000000080000000, 0x0000000100000000)
  region size 1024K, 5 young (5120K), 5 survivors (5120K)
 Metaspace       used 206328K, committed 207552K, reserved 1245184K
  class space    used 26917K, committed 27520K, reserved 1048576K
}
Event: 305.511 GC heap before
{Heap before GC invocations=83 (full 0):
 garbage-first heap   total 398336K, used 340673K [0x0000000080000000, 0x0000000100000000)
  region size 1024K, 82 young (83968K), 5 survivors (5120K)
 Metaspace       used 207492K, committed 208704K, reserved 1245184K
  class space    used 27070K, committed 27648K, reserved 1048576K
}
Event: 305.522 GC heap after
{Heap after GC invocations=84 (full 0):
 garbage-first heap   total 398336K, used 264148K [0x0000000080000000, 0x0000000100000000)
  region size 1024K, 7 young (7168K), 7 survivors (7168K)
 Metaspace       used 207492K, committed 208704K, reserved 1245184K
  class space    used 27070K, committed 27648K, reserved 1048576K
}
Event: 306.186 GC heap before
{Heap before GC invocations=84 (full 0):
 garbage-first heap   total 398336K, used 342996K [0x0000000080000000, 0x0000000100000000)
  region size 1024K, 84 young (86016K), 7 survivors (7168K)
 Metaspace       used 207657K, committed 208896K, reserved 1245184K
  class space    used 27077K, committed 27712K, reserved 1048576K
}
Event: 306.200 GC heap after
{Heap after GC invocations=85 (full 0):
 garbage-first heap   total 398336K, used 263599K [0x0000000080000000, 0x0000000100000000)
  region size 1024K, 6 young (6144K), 6 survivors (6144K)
 Metaspace       used 207657K, committed 208896K, reserved 1245184K
  class space    used 27077K, committed 27712K, reserved 1048576K
}
Event: 307.360 GC heap before
{Heap before GC invocations=85 (full 0):
 garbage-first heap   total 398336K, used 345519K [0x0000000080000000, 0x0000000100000000)
  region size 1024K, 86 young (88064K), 6 survivors (6144K)
 Metaspace       used 207718K, committed 208960K, reserved 1245184K
  class space    used 27079K, committed 27712K, reserved 1048576K
}
Event: 307.458 GC heap after
{Heap after GC invocations=86 (full 0):
 garbage-first heap   total 398336K, used 263110K [0x0000000080000000, 0x0000000100000000)
  region size 1024K, 6 young (6144K), 6 survivors (6144K)
 Metaspace       used 207718K, committed 208960K, reserved 1245184K
  class space    used 27079K, committed 27712K, reserved 1048576K
}
Event: 308.202 GC heap before
{Heap before GC invocations=86 (full 0):
 garbage-first heap   total 398336K, used 347078K [0x0000000080000000, 0x0000000100000000)
  region size 1024K, 88 young (90112K), 6 survivors (6144K)
 Metaspace       used 207954K, committed 209216K, reserved 1245184K
  class space    used 27083K, committed 27712K, reserved 1048576K
}
Event: 308.283 GC heap after
{Heap after GC invocations=87 (full 0):
 garbage-first heap   total 398336K, used 263343K [0x0000000080000000, 0x0000000100000000)
  region size 1024K, 6 young (6144K), 6 survivors (6144K)
 Metaspace       used 207954K, committed 209216K, reserved 1245184K
  class space    used 27083K, committed 27712K, reserved 1048576K
}
Event: 309.343 GC heap before
{Heap before GC invocations=87 (full 0):
 garbage-first heap   total 398336K, used 349359K [0x0000000080000000, 0x0000000100000000)
  region size 1024K, 89 young (91136K), 6 survivors (6144K)
 Metaspace       used 208157K, committed 209408K, reserved 1245184K
  class space    used 27103K, committed 27712K, reserved 1048576K
}

